
3월 15, 2022 17:21:29.754 NEW SESSION
3월 15, 2022 17:21:29.754 [32356:14032:0315/172129.752:ERROR:device_event_log_impl.cc(214)] [17:21:29.753] USB: usb_service_win.cc:354 Could not get child device's service name: 요소가 없습니다. (0x490)
3월 15, 2022 17:21:29.756 [32356:14032:0315/172129.756:ERROR:device_event_log_impl.cc(214)] [17:21:29.757] USB: usb_device_handle_win.cc:1049 Failed to read descriptor from node connection: 시스템에 부착된 장치가 작동하지 않습니다. (0x1F)
3월 15, 2022 17:21:29.766 [32356:14032:0315/172129.766:ERROR:device_event_log_impl.cc(214)] [17:21:29.767] USB: usb_device_handle_win.cc:1049 Failed to read descriptor from node connection: 시스템에 부착된 장치가 작동하지 않습니다. (0x1F)
3월 15, 2022 17:25:00.486 [30548:33016:0315/172500.486:ERROR:device_event_log_impl.cc(214)] [17:25:00.486] USB: usb_service_win.cc:354 Could not get child device's service name: 요소가 없습니다. (0x490)
3월 15, 2022 17:25:00.488 [30548:33016:0315/172500.488:ERROR:device_event_log_impl.cc(214)] [17:25:00.488] USB: usb_device_handle_win.cc:1049 Failed to read descriptor from node connection: 시스템에 부착된 장치가 작동하지 않습니다. (0x1F)
3월 15, 2022 17:25:00.498 [30548:33016:0315/172500.498:ERROR:device_event_log_impl.cc(214)] [17:25:00.498] USB: usb_device_handle_win.cc:1049 Failed to read descriptor from node connection: 시스템에 부착된 장치가 작동하지 않습니다. (0x1F)
3월 15, 2022 17:26:10.899 [23644:28240:0315/172610.899:ERROR:device_event_log_impl.cc(214)] [17:26:10.900] USB: usb_service_win.cc:354 Could not get child device's service name: 요소가 없습니다. (0x490)
3월 15, 2022 17:26:10.902 [23644:28240:0315/172610.902:ERROR:device_event_log_impl.cc(214)] [17:26:10.903] USB: usb_device_handle_win.cc:1049 Failed to read descriptor from node connection: 시스템에 부착된 장치가 작동하지 않습니다. (0x1F)
3월 15, 2022 17:26:10.911 [23644:28240:0315/172610.911:ERROR:device_event_log_impl.cc(214)] [17:26:10.912] USB: usb_device_handle_win.cc:1049 Failed to read descriptor from node connection: 시스템에 부착된 장치가 작동하지 않습니다. (0x1F)
3월 15, 2022 17:29:51.441 [16612:27896:0315/172951.441:ERROR:device_event_log_impl.cc(214)] [17:29:51.441] USB: usb_service_win.cc:354 Could not get child device's service name: 요소가 없습니다. (0x490)
3월 15, 2022 17:29:51.443 [16612:27896:0315/172951.443:ERROR:device_event_log_impl.cc(214)] [17:29:51.443] USB: usb_device_handle_win.cc:1049 Failed to read descriptor from node connection: 시스템에 부착된 장치가 작동하지 않습니다. (0x1F)
3월 15, 2022 17:29:51.453 [16612:27896:0315/172951.453:ERROR:device_event_log_impl.cc(214)] [17:29:51.453] USB: usb_device_handle_win.cc:1049 Failed to read descriptor from node connection: 시스템에 부착된 장치가 작동하지 않습니다. (0x1F)

3월 16, 2022 09:33:14.279 NEW SESSION
3월 16, 2022 09:33:14.279 [38792:41800:0316/093314.278:ERROR:device_event_log_impl.cc(214)] [09:33:14.278] USB: usb_service_win.cc:354 Could not get child device's service name: 요소가 없습니다. (0x490)
3월 16, 2022 09:33:14.284 [38792:41800:0316/093314.283:ERROR:device_event_log_impl.cc(214)] [09:33:14.284] USB: usb_device_handle_win.cc:1049 Failed to read descriptor from node connection: 시스템에 부착된 장치가 작동하지 않습니다. (0x1F)
3월 16, 2022 09:33:14.292 [38792:41800:0316/093314.292:ERROR:device_event_log_impl.cc(214)] [09:33:14.292] USB: usb_device_handle_win.cc:1049 Failed to read descriptor from node connection: 시스템에 부착된 장치가 작동하지 않습니다. (0x1F)
3월 16, 2022 10:15:24.976 [1940:36788:0316/101524.976:ERROR:device_event_log_impl.cc(214)] [10:15:24.968] USB: usb_service_win.cc:354 Could not get child device's service name: 요소가 없습니다. (0x490)
3월 16, 2022 10:15:24.987 [1940:36788:0316/101524.987:ERROR:device_event_log_impl.cc(214)] [10:15:24.987] USB: usb_device_handle_win.cc:1049 Failed to read descriptor from node connection: 시스템에 부착된 장치가 작동하지 않습니다. (0x1F)
3월 16, 2022 10:15:24.997 [1940:36788:0316/101524.997:ERROR:device_event_log_impl.cc(214)] [10:15:24.997] USB: usb_device_handle_win.cc:1049 Failed to read descriptor from node connection: 시스템에 부착된 장치가 작동하지 않습니다. (0x1F)
3월 16, 2022 10:43:33.630 [43040:43280:0316/104333.629:ERROR:device_event_log_impl.cc(214)] [10:43:33.630] USB: usb_service_win.cc:354 Could not get child device's service name: 요소가 없습니다. (0x490)
3월 16, 2022 10:43:33.632 [43040:43280:0316/104333.632:ERROR:device_event_log_impl.cc(214)] [10:43:33.633] USB: usb_device_handle_win.cc:1049 Failed to read descriptor from node connection: 시스템에 부착된 장치가 작동하지 않습니다. (0x1F)
3월 16, 2022 10:43:33.641 [43040:43280:0316/104333.641:ERROR:device_event_log_impl.cc(214)] [10:43:33.641] USB: usb_device_handle_win.cc:1049 Failed to read descriptor from node connection: 시스템에 부착된 장치가 작동하지 않습니다. (0x1F)
3월 16, 2022 11:24:14.50 [38112:39848:0316/112414.050:ERROR:device_event_log_impl.cc(214)] [11:24:14.050] USB: usb_service_win.cc:354 Could not get child device's service name: 요소가 없습니다. (0x490)
3월 16, 2022 11:24:14.53 [38112:39848:0316/112414.053:ERROR:device_event_log_impl.cc(214)] [11:24:14.053] USB: usb_device_handle_win.cc:1049 Failed to read descriptor from node connection: 시스템에 부착된 장치가 작동하지 않습니다. (0x1F)
3월 16, 2022 11:24:14.62 [38112:39848:0316/112414.062:ERROR:device_event_log_impl.cc(214)] [11:24:14.062] USB: usb_device_handle_win.cc:1049 Failed to read descriptor from node connection: 시스템에 부착된 장치가 작동하지 않습니다. (0x1F)
3월 16, 2022 11:24:31.694 [32132:18980:0316/112431.694:ERROR:device_event_log_impl.cc(214)] [11:24:31.694] USB: usb_service_win.cc:354 Could not get child device's service name: 요소가 없습니다. (0x490)
3월 16, 2022 11:24:31.697 [32132:18980:0316/112431.697:ERROR:device_event_log_impl.cc(214)] [11:24:31.698] USB: usb_device_handle_win.cc:1049 Failed to read descriptor from node connection: 시스템에 부착된 장치가 작동하지 않습니다. (0x1F)
3월 16, 2022 11:24:31.706 [32132:18980:0316/112431.706:ERROR:device_event_log_impl.cc(214)] [11:24:31.706] USB: usb_device_handle_win.cc:1049 Failed to read descriptor from node connection: 시스템에 부착된 장치가 작동하지 않습니다. (0x1F)
3월 16, 2022 11:37:27.554 [42360:32920:0316/113727.554:ERROR:device_event_log_impl.cc(214)] [11:37:27.554] USB: usb_service_win.cc:354 Could not get child device's service name: 요소가 없습니다. (0x490)
3월 16, 2022 11:37:27.563 [42360:32920:0316/113727.563:ERROR:device_event_log_impl.cc(214)] [11:37:27.563] USB: usb_device_handle_win.cc:1049 Failed to read descriptor from node connection: 시스템에 부착된 장치가 작동하지 않습니다. (0x1F)
3월 16, 2022 11:37:27.569 [42360:32920:0316/113727.568:ERROR:device_event_log_impl.cc(214)] [11:37:27.568] USB: usb_device_handle_win.cc:1049 Failed to read descriptor from node connection: 시스템에 부착된 장치가 작동하지 않습니다. (0x1F)
3월 16, 2022 11:58:51.871 [42360:32920:0316/115851.871:ERROR:device_event_log_impl.cc(214)] [11:58:51.869] USB: usb_service_win.cc:260 Failed to get device driver name: 요소가 없습니다. (0x490)
3월 16, 2022 11:58:51.884 [42360:32920:0316/115851.884:ERROR:device_event_log_impl.cc(214)] [11:58:51.880] USB: usb_service_win.cc:283 SetupDiEnumDeviceInterfaces: 사용 가능한 데이터가 없습니다. (0x103)
3월 16, 2022 11:59:42.918 [40812:39256:0316/115942.918:ERROR:device_event_log_impl.cc(214)] [11:59:42.918] USB: usb_service_win.cc:354 Could not get child device's service name: 요소가 없습니다. (0x490)
3월 16, 2022 11:59:42.920 [40812:39256:0316/115942.920:ERROR:device_event_log_impl.cc(214)] [11:59:42.920] USB: usb_device_handle_win.cc:1049 Failed to read descriptor from node connection: 시스템에 부착된 장치가 작동하지 않습니다. (0x1F)
3월 16, 2022 11:59:42.929 [40812:39256:0316/115942.929:ERROR:device_event_log_impl.cc(214)] [11:59:42.929] USB: usb_device_handle_win.cc:1049 Failed to read descriptor from node connection: 시스템에 부착된 장치가 작동하지 않습니다. (0x1F)
3월 16, 2022 13:09:43.839 [40812:39256:0316/130943.839:ERROR:device_event_log_impl.cc(214)] [13:09:43.833] USB: usb_service_win.cc:260 Failed to get device driver name: 요소가 없습니다. (0x490)
3월 16, 2022 13:09:43.847 [40812:39256:0316/130943.847:ERROR:device_event_log_impl.cc(214)] [13:09:43.846] USB: usb_service_win.cc:283 SetupDiEnumDeviceInterfaces: 사용 가능한 데이터가 없습니다. (0x103)
3월 16, 2022 13:35:50.364 [40812:39256:0316/133550.364:ERROR:device_event_log_impl.cc(214)] [13:35:50.363] USB: usb_service_win.cc:260 Failed to get device driver name: 요소가 없습니다. (0x490)
3월 16, 2022 13:35:50.376 [40812:39256:0316/133550.376:ERROR:device_event_log_impl.cc(214)] [13:35:50.374] USB: usb_service_win.cc:283 SetupDiEnumDeviceInterfaces: 사용 가능한 데이터가 없습니다. (0x103)
3월 16, 2022 14:14:00.472 [36696:24120:0316/141400.471:ERROR:device_event_log_impl.cc(214)] [14:14:00.472] USB: usb_service_win.cc:354 Could not get child device's service name: 요소가 없습니다. (0x490)
3월 16, 2022 14:14:00.475 [36696:24120:0316/141400.474:ERROR:device_event_log_impl.cc(214)] [14:14:00.475] USB: usb_device_handle_win.cc:1049 Failed to read descriptor from node connection: 시스템에 부착된 장치가 작동하지 않습니다. (0x1F)
3월 16, 2022 14:14:00.483 [36696:24120:0316/141400.483:ERROR:device_event_log_impl.cc(214)] [14:14:00.484] USB: usb_device_handle_win.cc:1049 Failed to read descriptor from node connection: 시스템에 부착된 장치가 작동하지 않습니다. (0x1F)
3월 16, 2022 14:14:51.943 [15692:37912:0316/141451.943:ERROR:device_event_log_impl.cc(214)] [14:14:51.944] USB: usb_service_win.cc:354 Could not get child device's service name: 요소가 없습니다. (0x490)
3월 16, 2022 14:14:51.946 [15692:37912:0316/141451.946:ERROR:device_event_log_impl.cc(214)] [14:14:51.947] USB: usb_device_handle_win.cc:1049 Failed to read descriptor from node connection: 시스템에 부착된 장치가 작동하지 않습니다. (0x1F)
3월 16, 2022 14:14:51.955 [15692:37912:0316/141451.955:ERROR:device_event_log_impl.cc(214)] [14:14:51.956] USB: usb_device_handle_win.cc:1049 Failed to read descriptor from node connection: 시스템에 부착된 장치가 작동하지 않습니다. (0x1F)
3월 16, 2022 14:15:40.33 [36432:41876:0316/141540.032:ERROR:device_event_log_impl.cc(214)] [14:15:40.033] USB: usb_service_win.cc:354 Could not get child device's service name: 요소가 없습니다. (0x490)
3월 16, 2022 14:15:40.35 [36432:41876:0316/141540.035:ERROR:device_event_log_impl.cc(214)] [14:15:40.035] USB: usb_device_handle_win.cc:1049 Failed to read descriptor from node connection: 시스템에 부착된 장치가 작동하지 않습니다. (0x1F)
3월 16, 2022 14:15:40.45 [36432:41876:0316/141540.045:ERROR:device_event_log_impl.cc(214)] [14:15:40.045] USB: usb_device_handle_win.cc:1049 Failed to read descriptor from node connection: 시스템에 부착된 장치가 작동하지 않습니다. (0x1F)
3월 16, 2022 14:16:17.42 [30676:24732:0316/141617.042:ERROR:device_event_log_impl.cc(214)] [14:16:17.043] USB: usb_service_win.cc:354 Could not get child device's service name: 요소가 없습니다. (0x490)
3월 16, 2022 14:16:17.45 [30676:24732:0316/141617.045:ERROR:device_event_log_impl.cc(214)] [14:16:17.045] USB: usb_device_handle_win.cc:1049 Failed to read descriptor from node connection: 시스템에 부착된 장치가 작동하지 않습니다. (0x1F)
3월 16, 2022 14:16:17.54 [30676:24732:0316/141617.054:ERROR:device_event_log_impl.cc(214)] [14:16:17.054] USB: usb_device_handle_win.cc:1049 Failed to read descriptor from node connection: 시스템에 부착된 장치가 작동하지 않습니다. (0x1F)
3월 16, 2022 14:19:35.441 [26424:33548:0316/141935.441:ERROR:device_event_log_impl.cc(214)] [14:19:35.441] USB: usb_service_win.cc:354 Could not get child device's service name: 요소가 없습니다. (0x490)
3월 16, 2022 14:19:35.444 [26424:33548:0316/141935.443:ERROR:device_event_log_impl.cc(214)] [14:19:35.444] USB: usb_device_handle_win.cc:1049 Failed to read descriptor from node connection: 시스템에 부착된 장치가 작동하지 않습니다. (0x1F)
3월 16, 2022 14:19:35.452 [26424:33548:0316/141935.452:ERROR:device_event_log_impl.cc(214)] [14:19:35.453] USB: usb_device_handle_win.cc:1049 Failed to read descriptor from node connection: 시스템에 부착된 장치가 작동하지 않습니다. (0x1F)
3월 16, 2022 14:30:51.69 [26424:33548:0316/143051.068:ERROR:interface_endpoint_client.cc(659)] Message 5 rejected by interface blink.mojom.WidgetHost
3월 16, 2022 14:52:00.14 [26424:33548:0316/145200.014:ERROR:interface_endpoint_client.cc(659)] Message 5 rejected by interface blink.mojom.WidgetHost
3월 16, 2022 15:28:10.545 [31652:34376:0316/152810.545:ERROR:device_event_log_impl.cc(214)] [15:28:10.543] USB: usb_service_win.cc:354 Could not get child device's service name: 요소가 없습니다. (0x490)
3월 16, 2022 15:28:10.556 [31652:34376:0316/152810.556:ERROR:device_event_log_impl.cc(214)] [15:28:10.556] USB: usb_device_handle_win.cc:1049 Failed to read descriptor from node connection: 시스템에 부착된 장치가 작동하지 않습니다. (0x1F)
3월 16, 2022 15:28:10.565 [31652:34376:0316/152810.565:ERROR:device_event_log_impl.cc(214)] [15:28:10.565] USB: usb_device_handle_win.cc:1049 Failed to read descriptor from node connection: 시스템에 부착된 장치가 작동하지 않습니다. (0x1F)
3월 16, 2022 16:20:01.916 [42308:20172:0316/162001.916:ERROR:device_event_log_impl.cc(214)] [16:20:01.916] USB: usb_service_win.cc:354 Could not get child device's service name: 요소가 없습니다. (0x490)
3월 16, 2022 16:20:01.919 [42308:20172:0316/162001.918:ERROR:device_event_log_impl.cc(214)] [16:20:01.919] USB: usb_device_handle_win.cc:1049 Failed to read descriptor from node connection: 시스템에 부착된 장치가 작동하지 않습니다. (0x1F)
3월 16, 2022 16:20:01.927 [42308:20172:0316/162001.927:ERROR:device_event_log_impl.cc(214)] [16:20:01.928] USB: usb_device_handle_win.cc:1049 Failed to read descriptor from node connection: 시스템에 부착된 장치가 작동하지 않습니다. (0x1F)
3월 16, 2022 16:24:09.356 [41480:32140:0316/162409.356:ERROR:device_event_log_impl.cc(214)] [16:24:09.357] USB: usb_service_win.cc:354 Could not get child device's service name: 요소가 없습니다. (0x490)
3월 16, 2022 16:24:09.359 [41480:32140:0316/162409.359:ERROR:device_event_log_impl.cc(214)] [16:24:09.359] USB: usb_device_handle_win.cc:1049 Failed to read descriptor from node connection: 시스템에 부착된 장치가 작동하지 않습니다. (0x1F)
3월 16, 2022 16:24:09.368 [41480:32140:0316/162409.368:ERROR:device_event_log_impl.cc(214)] [16:24:09.368] USB: usb_device_handle_win.cc:1049 Failed to read descriptor from node connection: 시스템에 부착된 장치가 작동하지 않습니다. (0x1F)
3월 16, 2022 16:29:50.975 [41896:2880:0316/162950.975:ERROR:device_event_log_impl.cc(214)] [16:29:50.963] USB: usb_service_win.cc:354 Could not get child device's service name: 요소가 없습니다. (0x490)
3월 16, 2022 16:29:50.983 [41896:2880:0316/162950.983:ERROR:device_event_log_impl.cc(214)] [16:29:50.983] USB: usb_device_handle_win.cc:1049 Failed to read descriptor from node connection: 시스템에 부착된 장치가 작동하지 않습니다. (0x1F)
3월 16, 2022 16:29:50.992 [41896:2880:0316/162950.991:ERROR:device_event_log_impl.cc(214)] [16:29:50.992] USB: usb_device_handle_win.cc:1049 Failed to read descriptor from node connection: 시스템에 부착된 장치가 작동하지 않습니다. (0x1F)
3월 17, 2022 09:38:12.26 [42984:51584:0317/093812.025:ERROR:device_event_log_impl.cc(214)] [09:38:12.025] USB: usb_service_win.cc:354 Could not get child device's service name: 요소가 없습니다. (0x490)
3월 17, 2022 09:38:12.28 [42984:51584:0317/093812.027:ERROR:device_event_log_impl.cc(214)] [09:38:12.027] USB: usb_device_handle_win.cc:1049 Failed to read descriptor from node connection: 시스템에 부착된 장치가 작동하지 않습니다. (0x1F)
3월 17, 2022 09:38:12.37 [42984:51584:0317/093812.037:ERROR:device_event_log_impl.cc(214)] [09:38:12.036] USB: usb_device_handle_win.cc:1049 Failed to read descriptor from node connection: 시스템에 부착된 장치가 작동하지 않습니다. (0x1F)
3월 17, 2022 10:00:02.293 [42984:45912:0317/100002.293:ERROR:mcs_client.cc(755)] Received close command, resetting connection.
3월 17, 2022 13:27:20.766 [42984:45912:0317/132720.765:ERROR:mcs_client.cc(755)] Received close command, resetting connection.
3월 17, 2022 14:47:04.709 [42984:51584:0317/144704.708:ERROR:interface_endpoint_client.cc(659)] Message 5 rejected by interface blink.mojom.WidgetHost
3월 17, 2022 15:27:29.888 [42984:51584:0317/152729.888:ERROR:interface_endpoint_client.cc(659)] Message 5 rejected by interface blink.mojom.WidgetHost

3월 18, 2022 09:18:33.933 NEW SESSION
3월 18, 2022 09:18:33.933 [45484:41440:0318/091833.931:ERROR:device_event_log_impl.cc(214)] [09:18:33.925] USB: usb_service_win.cc:354 Could not get child device's service name: 요소가 없습니다. (0x490)
3월 18, 2022 09:18:33.949 [45484:41440:0318/091833.949:ERROR:device_event_log_impl.cc(214)] [09:18:33.949] USB: usb_device_handle_win.cc:1049 Failed to read descriptor from node connection: 시스템에 부착된 장치가 작동하지 않습니다. (0x1F)
3월 18, 2022 09:18:33.959 [45484:41440:0318/091833.959:ERROR:device_event_log_impl.cc(214)] [09:18:33.959] USB: usb_device_handle_win.cc:1049 Failed to read descriptor from node connection: 시스템에 부착된 장치가 작동하지 않습니다. (0x1F)
3월 18, 2022 10:05:54.716 [23808:6748:0318/100554.715:ERROR:device_event_log_impl.cc(214)] [10:05:54.715] USB: usb_service_win.cc:354 Could not get child device's service name: 요소가 없습니다. (0x490)
3월 18, 2022 10:05:54.718 [23808:6748:0318/100554.718:ERROR:device_event_log_impl.cc(214)] [10:05:54.718] USB: usb_device_handle_win.cc:1049 Failed to read descriptor from node connection: 시스템에 부착된 장치가 작동하지 않습니다. (0x1F)
3월 18, 2022 10:05:54.730 [23808:6748:0318/100554.730:ERROR:device_event_log_impl.cc(214)] [10:05:54.729] USB: usb_device_handle_win.cc:1049 Failed to read descriptor from node connection: 시스템에 부착된 장치가 작동하지 않습니다. (0x1F)
3월 18, 2022 14:06:07.169 [51036:4524:0318/140607.169:ERROR:device_event_log_impl.cc(214)] [14:06:07.169] USB: usb_service_win.cc:354 Could not get child device's service name: 요소가 없습니다. (0x490)
3월 18, 2022 14:06:07.171 [51036:4524:0318/140607.171:ERROR:device_event_log_impl.cc(214)] [14:06:07.171] USB: usb_device_handle_win.cc:1049 Failed to read descriptor from node connection: 시스템에 부착된 장치가 작동하지 않습니다. (0x1F)
3월 18, 2022 14:06:07.180 [51036:4524:0318/140607.180:ERROR:device_event_log_impl.cc(214)] [14:06:07.180] USB: usb_device_handle_win.cc:1049 Failed to read descriptor from node connection: 시스템에 부착된 장치가 작동하지 않습니다. (0x1F)

3월 21, 2022 16:38:56.989 NEW SESSION
3월 21, 2022 16:38:56.989 [28204:58792:0321/163856.987:ERROR:device_event_log_impl.cc(214)] [16:38:56.987] USB: usb_service_win.cc:354 Could not get child device's service name: 요소가 없습니다. (0x490)
3월 21, 2022 16:38:56.990 [28204:58792:0321/163856.988:ERROR:device_event_log_impl.cc(214)] [16:38:56.987] USB: usb_device_handle_win.cc:1049 Failed to read descriptor from node connection: 시스템에 부착된 장치가 작동하지 않습니다. (0x1F)

3월 22, 2022 10:20:01.703 NEW SESSION
3월 22, 2022 10:20:01.703 [29156:15096:0322/102001.702:ERROR:device_event_log_impl.cc(214)] [10:20:01.702] USB: usb_service_win.cc:354 Could not get child device's service name: 요소가 없습니다. (0x490)
3월 22, 2022 10:20:01.717 [29156:15096:0322/102001.717:ERROR:device_event_log_impl.cc(214)] [10:20:01.717] USB: usb_device_handle_win.cc:1049 Failed to read descriptor from node connection: 시스템에 부착된 장치가 작동하지 않습니다. (0x1F)
3월 22, 2022 10:20:01.749 [29156:15096:0322/102001.749:ERROR:device_event_log_impl.cc(214)] [10:20:01.749] USB: usb_device_handle_win.cc:1049 Failed to read descriptor from node connection: 시스템에 부착된 장치가 작동하지 않습니다. (0x1F)
3월 22, 2022 10:27:48.133 [20616:23304:0322/102748.133:ERROR:device_event_log_impl.cc(214)] [10:27:48.134] USB: usb_service_win.cc:354 Could not get child device's service name: 요소가 없습니다. (0x490)
3월 22, 2022 10:27:48.153 [20616:23304:0322/102748.153:ERROR:device_event_log_impl.cc(214)] [10:27:48.154] USB: usb_device_handle_win.cc:1049 Failed to read descriptor from node connection: 시스템에 부착된 장치가 작동하지 않습니다. (0x1F)
3월 22, 2022 10:27:48.183 [20616:23304:0322/102748.183:ERROR:device_event_log_impl.cc(214)] [10:27:48.183] USB: usb_device_handle_win.cc:1049 Failed to read descriptor from node connection: 시스템에 부착된 장치가 작동하지 않습니다. (0x1F)
3월 22, 2022 10:28:34.696 [14332:23988:0322/102834.696:ERROR:device_event_log_impl.cc(214)] [10:28:34.696] USB: usb_service_win.cc:354 Could not get child device's service name: 요소가 없습니다. (0x490)
3월 22, 2022 10:28:34.712 [14332:23988:0322/102834.712:ERROR:device_event_log_impl.cc(214)] [10:28:34.712] USB: usb_device_handle_win.cc:1049 Failed to read descriptor from node connection: 시스템에 부착된 장치가 작동하지 않습니다. (0x1F)
3월 22, 2022 10:28:34.746 [14332:23988:0322/102834.746:ERROR:device_event_log_impl.cc(214)] [10:28:34.746] USB: usb_device_handle_win.cc:1049 Failed to read descriptor from node connection: 시스템에 부착된 장치가 작동하지 않습니다. (0x1F)
3월 22, 2022 10:28:45.332 [9972:28328:0322/102845.332:ERROR:device_event_log_impl.cc(214)] [10:28:45.333] USB: usb_service_win.cc:354 Could not get child device's service name: 요소가 없습니다. (0x490)
3월 22, 2022 10:28:45.348 [9972:28328:0322/102845.348:ERROR:device_event_log_impl.cc(214)] [10:28:45.348] USB: usb_device_handle_win.cc:1049 Failed to read descriptor from node connection: 시스템에 부착된 장치가 작동하지 않습니다. (0x1F)
3월 22, 2022 10:28:45.380 [9972:28328:0322/102845.380:ERROR:device_event_log_impl.cc(214)] [10:28:45.380] USB: usb_device_handle_win.cc:1049 Failed to read descriptor from node connection: 시스템에 부착된 장치가 작동하지 않습니다. (0x1F)
3월 22, 2022 10:34:35.269 [30852:31212:0322/103435.269:ERROR:device_event_log_impl.cc(214)] [10:34:35.268] USB: usb_service_win.cc:354 Could not get child device's service name: 요소가 없습니다. (0x490)
3월 22, 2022 10:34:35.285 [30852:31212:0322/103435.285:ERROR:device_event_log_impl.cc(214)] [10:34:35.284] USB: usb_device_handle_win.cc:1049 Failed to read descriptor from node connection: 시스템에 부착된 장치가 작동하지 않습니다. (0x1F)
3월 22, 2022 10:34:35.317 [30852:31212:0322/103435.317:ERROR:device_event_log_impl.cc(214)] [10:34:35.317] USB: usb_device_handle_win.cc:1049 Failed to read descriptor from node connection: 시스템에 부착된 장치가 작동하지 않습니다. (0x1F)
3월 22, 2022 10:41:39.67 [32028:7448:0322/104139.067:ERROR:device_event_log_impl.cc(214)] [10:41:39.067] USB: usb_service_win.cc:354 Could not get child device's service name: 요소가 없습니다. (0x490)
3월 22, 2022 10:41:39.84 [32028:7448:0322/104139.083:ERROR:device_event_log_impl.cc(214)] [10:41:39.083] USB: usb_device_handle_win.cc:1049 Failed to read descriptor from node connection: 시스템에 부착된 장치가 작동하지 않습니다. (0x1F)
3월 22, 2022 10:41:39.115 [32028:7448:0322/104139.115:ERROR:device_event_log_impl.cc(214)] [10:41:39.115] USB: usb_device_handle_win.cc:1049 Failed to read descriptor from node connection: 시스템에 부착된 장치가 작동하지 않습니다. (0x1F)
3월 22, 2022 11:38:19.279 [33524:8616:0322/113819.278:ERROR:device_event_log_impl.cc(214)] [11:38:19.279] USB: usb_service_win.cc:354 Could not get child device's service name: 요소가 없습니다. (0x490)
3월 22, 2022 11:38:19.295 [33524:8616:0322/113819.295:ERROR:device_event_log_impl.cc(214)] [11:38:19.295] USB: usb_device_handle_win.cc:1049 Failed to read descriptor from node connection: 시스템에 부착된 장치가 작동하지 않습니다. (0x1F)
3월 22, 2022 11:38:19.327 [33524:8616:0322/113819.327:ERROR:device_event_log_impl.cc(214)] [11:38:19.327] USB: usb_device_handle_win.cc:1049 Failed to read descriptor from node connection: 시스템에 부착된 장치가 작동하지 않습니다. (0x1F)

3월 22, 2022 15:41:28.717 NEW SESSION
3월 22, 2022 15:41:28.717 [29060:2596:0322/154128.715:ERROR:device_event_log_impl.cc(214)] [15:41:28.714] USB: usb_service_win.cc:354 Could not get child device's service name: 요소가 없습니다. (0x490)
3월 22, 2022 15:41:28.732 [29060:2596:0322/154128.732:ERROR:device_event_log_impl.cc(214)] [15:41:28.732] USB: usb_device_handle_win.cc:1049 Failed to read descriptor from node connection: 시스템에 부착된 장치가 작동하지 않습니다. (0x1F)
3월 22, 2022 15:41:28.759 [29060:2596:0322/154128.759:ERROR:device_event_log_impl.cc(214)] [15:41:28.758] USB: usb_device_handle_win.cc:1049 Failed to read descriptor from node connection: 시스템에 부착된 장치가 작동하지 않습니다. (0x1F)
3월 22, 2022 15:54:49.783 [29060:2596:0322/155449.783:ERROR:device_event_log_impl.cc(214)] [15:54:49.775] USB: usb_service_win.cc:260 Failed to get device driver name: 요소가 없습니다. (0x490)
3월 22, 2022 15:54:49.805 [29060:2596:0322/155449.805:ERROR:device_event_log_impl.cc(214)] [15:54:49.804] USB: usb_service_win.cc:283 SetupDiEnumDeviceInterfaces: 사용 가능한 데이터가 없습니다. (0x103)
3월 22, 2022 15:55:08.543 [29060:2596:0322/155508.542:ERROR:device_event_log_impl.cc(214)] [15:55:08.538] USB: usb_service_win.cc:260 Failed to get device driver name: 요소가 없습니다. (0x490)
3월 22, 2022 15:55:08.561 [29060:2596:0322/155508.561:ERROR:device_event_log_impl.cc(214)] [15:55:08.558] USB: usb_service_win.cc:283 SetupDiEnumDeviceInterfaces: 사용 가능한 데이터가 없습니다. (0x103)

3월 23, 2022 09:27:07.28 NEW SESSION
3월 23, 2022 09:27:07.28 [27436:10936:0323/092707.026:ERROR:device_event_log_impl.cc(214)] [09:27:07.026] USB: usb_service_win.cc:354 Could not get child device's service name: 요소가 없습니다. (0x490)
3월 23, 2022 09:27:07.29 [27436:10936:0323/092707.028:ERROR:device_event_log_impl.cc(214)] [09:27:07.028] USB: usb_device_handle_win.cc:1049 Failed to read descriptor from node connection: 시스템에 부착된 장치가 작동하지 않습니다. (0x1F)
3월 23, 2022 19:08:56.251 [27436:27112:0323/190856.251:ERROR:mcs_client.cc(755)] Received close command, resetting connection.
3월 23, 2022 23:34:40.471 [27436:10936:0323/233440.471:ERROR:device_event_log_impl.cc(214)] [23:34:40.467] USB: usb_service_win.cc:260 Failed to get device driver name: 요소가 없습니다. (0x490)
3월 23, 2022 23:34:40.481 [27436:10936:0323/233440.481:ERROR:device_event_log_impl.cc(214)] [23:34:40.478] USB: usb_service_win.cc:283 SetupDiEnumDeviceInterfaces: 사용 가능한 데이터가 없습니다. (0x103)

3월 24, 2022 09:43:03.394 NEW SESSION
3월 24, 2022 09:43:03.394 [9956:29840:0324/094303.392:ERROR:device_event_log_impl.cc(214)] [09:43:03.393] USB: usb_service_win.cc:354 Could not get child device's service name: 요소가 없습니다. (0x490)
3월 24, 2022 09:43:03.395 [9956:29840:0324/094303.395:ERROR:device_event_log_impl.cc(214)] [09:43:03.395] USB: usb_device_handle_win.cc:1049 Failed to read descriptor from node connection: 시스템에 부착된 장치가 작동하지 않습니다. (0x1F)
3월 24, 2022 11:19:28.594 [16652:15644:0324/111928.591:ERROR:device_event_log_impl.cc(214)] [11:19:28.592] USB: usb_service_win.cc:354 Could not get child device's service name: 요소가 없습니다. (0x490)
3월 24, 2022 11:19:28.594 [16652:15644:0324/111928.594:ERROR:device_event_log_impl.cc(214)] [11:19:28.595] USB: usb_device_handle_win.cc:1049 Failed to read descriptor from node connection: 시스템에 부착된 장치가 작동하지 않습니다. (0x1F)
3월 24, 2022 16:25:00.709 [16652:15644:0324/162500.708:ERROR:gpu_process_host.cc(972)] GPU process exited unexpectedly: exit_code=34
3월 24, 2022 16:25:00.836 [16652:15644:0324/162500.836:ERROR:device_event_log_impl.cc(214)] [16:25:00.836] USB: usb_service_win.cc:260 Failed to get device driver name: 요소가 없습니다. (0x490)
